\BOOKMARK [0][-]{chapter.1}{Introduction}{}% 1
\BOOKMARK [1][-]{section.1.1}{Philosophy of the Workshop}{chapter.1}% 2
\BOOKMARK [0][-]{chapter.2}{Funding and Participation Profile}{}% 3
\BOOKMARK [1][-]{section.2.1}{LANL Staff}{chapter.2}% 4
\BOOKMARK [1][-]{section.2.2}{Students}{chapter.2}% 5
\BOOKMARK [2][-]{subsection.2.2.1}{Lectures}{section.2.2}% 6
\BOOKMARK [0][-]{chapter.3}{Variance Reduction at Scale: Improving IMC Methods for Thermal Transport Problems}{}% 7
\BOOKMARK [1][-]{section.3.1}{Introduction}{chapter.3}% 8
\BOOKMARK [1][-]{section.3.2}{Background and Theory}{chapter.3}% 9
\BOOKMARK [2][-]{subsection.3.2.1}{Thermal Radiation Transport}{section.3.2}% 10
\BOOKMARK [2][-]{subsection.3.2.2}{Implicit Monte Carlo}{section.3.2}% 11
\BOOKMARK [2][-]{subsection.3.2.3}{Variance Reduction for IMC}{section.3.2}% 12
\BOOKMARK [2][-]{subsection.3.2.4}{Next Event Estimators}{section.3.2}% 13
\BOOKMARK [2][-]{subsection.3.2.5}{Response Function Theory}{section.3.2}% 14
\BOOKMARK [2][-]{subsection.3.2.6}{Supernova and CSM Parameters}{section.3.2}% 15
\BOOKMARK [2][-]{subsection.3.2.7}{Rescaling Parameters}{section.3.2}% 16
\BOOKMARK [1][-]{section.3.3}{Method and Technical Approach}{chapter.3}% 17
\BOOKMARK [2][-]{subsection.3.3.1}{Problem Initialization}{section.3.3}% 18
\BOOKMARK [2][-]{subsection.3.3.2}{Inverse Transport}{section.3.3}% 19
\BOOKMARK [2][-]{subsection.3.3.3}{Forward Transport}{section.3.3}% 20
\BOOKMARK [1][-]{section.3.4}{Test Problem}{chapter.3}% 21
\BOOKMARK [1][-]{section.3.5}{Results \046 Supernova Applications}{chapter.3}% 22
\BOOKMARK [2][-]{subsection.3.5.1}{Cubanova with Spherical Tally}{section.3.5}% 23
\BOOKMARK [2][-]{subsection.3.5.2}{Cubanova with Planar Tally}{section.3.5}% 24
\BOOKMARK [1][-]{section.3.6}{Conclusions and Future Work}{chapter.3}% 25
